生成启动时间为 2017/2/21 11:21:09。
     1>项目“F:\C++\Dev\vs2013\ExpressClassRoom1\讲课端\Express\ExpressClassRoomT\ExpressClassRoomT.vcxproj”在节点 2 上(Build 个目标)。
     1>C:\Program Files (x86)\MSBuild\Microsoft.Cpp\v4.0\V120\Microsoft.CppBuild.targets(364,5): warning MSB8004: Output Directory does not end with a trailing slash.  This build instance will add the slash as it is required to allow proper evaluation of the Output Directory.
     1>ClCompile:
         D:\Microsoft Visual Studio 12.0\VC\bin\CL.exe /c /I"D:\Visual Leak Detector\include" /ZI /nologo /W3 /WX- /sdl /Od /Oy- /D WIN32 /D _DEBUG /D _WINDOWS /D _CRT_SECURE_NO_WARNINGS /D _WINSOCK_DEPRECATED_NO_WARNINGS /D _MBCS /Gm /EHsc /RTC1 /MDd /GS /fp:precise /Zc:wchar_t /Zc:forScope /Fo"Debug\\" /Fd"Debug\vc120.pdb" /Gd /TP /analyze- /errorReport:prompt MainView\MainView.cpp
         MainView.cpp
     1>f:\c++\dev\vs2013\expressclassroom1\讲课端\express\duilib\utils\utils.h(350): warning C4251: “DuiLib::CDuiFont::m_strFilePath”: class“std::basic_string<char,std::char_traits<char>,std::allocator<char>>”需要有 dll 接口由 class“DuiLib::CDuiFont”的客户端使用
     1>f:\c++\dev\vs2013\expressclassroom1\讲课端\express\duilib\utils\utils.h(351): warning C4251: “DuiLib::CDuiFont::m_strFontName”: class“std::basic_string<char,std::char_traits<char>,std::allocator<char>>”需要有 dll 接口由 class“DuiLib::CDuiFont”的客户端使用
     1>f:\c++\dev\vs2013\expressclassroom1\讲课端\express\duilib\control\uifilelist.h(66): warning C4251: “DuiLib::Node::_children”: class“std::vector<DuiLib::Node *,std::allocator<_Ty>>”需要有 dll 接口由 class“DuiLib::Node”的客户端使用
                 with
                 [
                     _Ty=DuiLib::Node *
                 ]
     1>f:\c++\dev\vs2013\expressclassroom1\讲课端\express\duilib\control\uimenu.h(212): warning C4275: 非 dll 接口 class“DuiLib::ReceiverImpl”用作 dll 接口 class“DuiLib::CMenuWnd”的基
                 f:\c++\dev\vs2013\expressclassroom1\讲课端\express\duilib\control\uimenu.h(151) : 参见“DuiLib::ReceiverImpl”的声明
                 f:\c++\dev\vs2013\expressclassroom1\讲课端\express\duilib\control\uimenu.h(212) : 参见“DuiLib::CMenuWnd”的声明
     1>f:\c++\dev\vs2013\expressclassroom1\讲课端\express\duilib\control\uimenu.h(237): warning C4251: “DuiLib::CMenuWnd::m_xml”: class“DuiLib::STRINGorID”需要有 dll 接口由 class“DuiLib::CMenuWnd”的客户端使用
                 f:\c++\dev\vs2013\expressclassroom1\讲课端\express\duilib\utils\utils.h(15) : 参见“DuiLib::STRINGorID”的声明
     1>f:\c++\dev\vs2013\expressclassroom1\讲课端\express\expressclassroomt\video\liveplayer.h(14): warning C4005: “interface”: 宏重定义
                 c:\program files (x86)\windows kits\8.1\include\um\combaseapi.h(188) : 参见“interface”的前一个定义
     1>f:\c++\dev\vs2013\expressclassroom1\讲课端\express\expressclassroomt\httprequst\httprequest.h(45): warning C4290: 忽略 C++ 异常规范，但指示函数不是 __declspec(nothrow)
     1>f:\c++\dev\vs2013\expressclassroom1\讲课端\express\expressclassroomt\httprequst\httprequest.h(46): warning C4290: 忽略 C++ 异常规范，但指示函数不是 __declspec(nothrow)
     1>f:\c++\dev\vs2013\expressclassroom1\讲课端\express\expressclassroomt\httprequst\httprequest.h(47): warning C4290: 忽略 C++ 异常规范，但指示函数不是 __declspec(nothrow)
     1>f:\c++\dev\vs2013\expressclassroom1\讲课端\express\expressclassroomt\cmycharconver.h(140): warning C4305: “=”: 从“int”到“unsigned char”截断
     1>f:\c++\dev\vs2013\expressclassroom1\讲课端\express\expressclassroomt\cmycharconver.h(140): warning C4309: “=”: 截断常量值
     1>f:\c++\dev\vs2013\expressclassroom1\讲课端\express\expressclassroomt\cmycharconver.h(194): warning C4305: “参数”: 从“int”到“char”截断
     1>f:\c++\dev\vs2013\expressclassroom1\讲课端\express\expressclassroomt\cmycharconver.h(194): warning C4309: “参数”: 截断常量值
     1>f:\c++\dev\vs2013\expressclassroom1\讲课端\express\expressclassroomt\mainview\mainview.cpp(528): warning C4715: “MainView::HandleMessage”: 不是所有的控件路径都返回值
       Link:
         D:\Microsoft Visual Studio 12.0\VC\bin\link.exe /ERRORREPORT:PROMPT /OUT:"F:\C++\Dev\vs2013\ExpressClassRoom1\讲课端\Express\\bin\ExpressClassRoomT.exe" /INCREMENTAL /NOLOGO /LIBPATH:"D:\Visual Leak Detector\lib\Win32" opencv_calib3d2413.lib opencv_calib3d2413d.lib opencv_contrib2413.lib opencv_contrib2413d.lib opencv_core2413.lib opencv_core2413d.lib opencv_features2d2413.lib opencv_features2d2413d.lib opencv_flann2413.lib opencv_flann2413d.lib opencv_gpu2413.lib opencv_gpu2413d.lib opencv_highgui2413.lib opencv_highgui2413d.lib opencv_imgproc2413.lib opencv_imgproc2413d.lib opencv_legacy2413.lib opencv_legacy2413d.lib opencv_ml2413.lib opencv_ml2413d.lib opencv_nonfree2413.lib opencv_nonfree2413d.lib opencv_objdetect2413.lib opencv_objdetect2413d.lib opencv_ocl2413.lib opencv_ocl2413d.lib opencv_videostab2413d.lib opencv_videostab2413.lib opencv_video2413d.lib opencv_video2413.lib opencv_ts2413d.lib opencv_ts2413.lib opencv_superres2413d.lib opencv_superres2413.lib opencv_stitching2413d.lib opencv_stitching2413.lib opencv_photo2413d.lib opencv_photo2413.lib kernel32.lib user32.lib gdi32.lib winspool.lib comdlg32.lib advapi32.lib shell32.lib ole32.lib oleaut32.lib uuid.lib odbc32.lib odbccp32.lib /MANIFEST /MANIFESTUAC:"level='asInvoker' uiAccess='false'" /manifest:embed /DEBUG /PDB:"F:\C++\Dev\vs2013\ExpressClassRoom1\讲课端\Express\\bin\ExpressClassRoomT.pdb" /SUBSYSTEM:WINDOWS /OPT:NOREF /TLBID:1 /DYNAMICBASE /NXCOMPAT /IMPLIB:"F:\C++\Dev\vs2013\ExpressClassRoom1\讲课端\Express\\bin\ExpressClassRoomT.lib" /MACHINE:X86 Debug\MyCurl.obj
         Debug\ConfigFile.obj
         Debug\HttpRequest.obj
         Debug\LoginWnd.obj
         Debug\MainView.obj
         Debug\NotifyWnd.obj
         Debug\SettingView.obj
         Debug\db.obj
         Debug\TCPSocket.obj
         Debug\CrossThread.obj
         Debug\Video.obj
         Debug\WinMain.obj
         Debug\tinystr.obj
         Debug\tinyxml.obj
         Debug\tinyxmlerror.obj
         Debug\tinyxmlparser.obj
         ExpressClassRoomT.vcxproj -> F:\C++\Dev\vs2013\ExpressClassRoom1\讲课端\Express\\bin\ExpressClassRoomT.exe
     1>已完成生成项目“F:\C++\Dev\vs2013\ExpressClassRoom1\讲课端\Express\ExpressClassRoomT\ExpressClassRoomT.vcxproj”(Build 个目标)的操作。

生成成功。

已用时间 00:00:01.79
