f:\c++\dev\vs2013\expressclassroom1\express\expressclassroomt\debug\vc120.pdb
f:\c++\dev\vs2013\expressclassroom1\express\expressclassroomt\debug\vc120.idb
f:\c++\dev\vs2013\expressclassroom1\express\expressclassroomt\debug\configfile.obj
f:\c++\dev\vs2013\expressclassroom1\express\expressclassroomt\debug\httprequest.obj
f:\c++\dev\vs2013\expressclassroom1\express\expressclassroomt\debug\loginwnd.obj
f:\c++\dev\vs2013\expressclassroom1\express\expressclassroomt\debug\mainview.obj
f:\c++\dev\vs2013\expressclassroom1\express\expressclassroomt\debug\settingview.obj
f:\c++\dev\vs2013\expressclassroom1\express\expressclassroomt\debug\db.obj
f:\c++\dev\vs2013\expressclassroom1\express\expressclassroomt\debug\video.obj
f:\c++\dev\vs2013\expressclassroom1\express\expressclassroomt\debug\winmain.obj
f:\c++\dev\vs2013\expressclassroom1\express\expressclassroomt\debug\tinystr.obj
f:\c++\dev\vs2013\expressclassroom1\express\expressclassroomt\debug\tinyxml.obj
f:\c++\dev\vs2013\expressclassroom1\express\expressclassroomt\debug\tinyxmlerror.obj
f:\c++\dev\vs2013\expressclassroom1\express\expressclassroomt\debug\tinyxmlparser.obj
f:\c++\dev\vs2013\expressclassroom1\express\expressclassroomt\debug\expressclassroomt.exe.embed.manifest
f:\c++\dev\vs2013\expressclassroom1\express\expressclassroomt\debug\expressclassroomt.exe.intermediate.manifest
f:\c++\dev\vs2013\expressclassroom1\express\expressclassroomt\debug\expressclassroomt.exe.embed.manifest.res
f:\c++\dev\vs2013\expressclassroom1\express\expressclassroomt\debug\vc90.idb
f:\c++\dev\vs2013\expressclassroom1\express\expressclassroomt\debug\vc90.pdb
f:\c++\dev\vs2013\expressclassroom1\express\\bin\expressclassroomt.pdb
f:\c++\dev\vs2013\expressclassroom1\express\expressclassroomt\debug\expressc.bae533f7.tlog\cl.command.1.tlog
f:\c++\dev\vs2013\expressclassroom1\express\expressclassroomt\debug\expressc.bae533f7.tlog\cl.read.1.tlog
f:\c++\dev\vs2013\expressclassroom1\express\expressclassroomt\debug\expressc.bae533f7.tlog\cl.write.1.tlog
f:\c++\dev\vs2013\expressclassroom1\express\expressclassroomt\debug\expressc.bae533f7.tlog\link.command.1.tlog
f:\c++\dev\vs2013\expressclassroom1\express\expressclassroomt\debug\expressc.bae533f7.tlog\link.read.1.tlog
f:\c++\dev\vs2013\expressclassroom1\express\expressclassroomt\debug\expressc.bae533f7.tlog\link.write.1.tlog
