f:\c++\dev\vs2013\expressclassroom1\express\duilib\build\release\duilib.pch
f:\c++\dev\vs2013\expressclassroom1\express\duilib\build\release\vc120.pdb
f:\c++\dev\vs2013\expressclassroom1\express\duilib\build\release\stdafx.obj
f:\c++\dev\vs2013\expressclassroom1\express\duilib\build\release\uirichedit.obj
f:\c++\dev\vs2013\expressclassroom1\express\duilib\build\release\uiprogress.obj
f:\c++\dev\vs2013\expressclassroom1\express\duilib\build\release\uioption.obj
f:\c++\dev\vs2013\expressclassroom1\express\duilib\build\release\uimenu.obj
f:\c++\dev\vs2013\expressclassroom1\express\duilib\build\release\uilist.obj
f:\c++\dev\vs2013\expressclassroom1\express\duilib\build\release\uilabel.obj
f:\c++\dev\vs2013\expressclassroom1\express\duilib\build\release\uiflash.obj
f:\c++\dev\vs2013\expressclassroom1\express\duilib\build\release\uifilelist.obj
f:\c++\dev\vs2013\expressclassroom1\express\duilib\build\release\uifadebutton.obj
f:\c++\dev\vs2013\expressclassroom1\express\duilib\build\release\uiedit.obj
f:\c++\dev\vs2013\expressclassroom1\express\duilib\build\release\uidatetime.obj
f:\c++\dev\vs2013\expressclassroom1\express\duilib\build\release\uicomboedit.obj
f:\c++\dev\vs2013\expressclassroom1\express\duilib\build\release\uicombobox.obj
f:\c++\dev\vs2013\expressclassroom1\express\duilib\build\release\uicombo.obj
f:\c++\dev\vs2013\expressclassroom1\express\duilib\build\release\uicheckbox.obj
f:\c++\dev\vs2013\expressclassroom1\express\duilib\build\release\uichartview.obj
f:\c++\dev\vs2013\expressclassroom1\express\duilib\build\release\uicalendar.obj
f:\c++\dev\vs2013\expressclassroom1\express\duilib\build\release\uibutton.obj
f:\c++\dev\vs2013\expressclassroom1\express\duilib\build\release\uianimation.obj
f:\c++\dev\vs2013\expressclassroom1\express\duilib\build\release\uiactivex.obj
f:\c++\dev\vs2013\expressclassroom1\express\duilib\build\release\uilib.obj
f:\c++\dev\vs2013\expressclassroom1\express\duilib\build\release\uiverticallayout.obj
f:\c++\dev\vs2013\expressclassroom1\express\duilib\build\release\uitilelayout.obj
f:\c++\dev\vs2013\expressclassroom1\express\duilib\build\release\uitablayout.obj
f:\c++\dev\vs2013\expressclassroom1\express\duilib\build\release\uihorizontallayout.obj
f:\c++\dev\vs2013\expressclassroom1\express\duilib\build\release\uichildlayout.obj
f:\c++\dev\vs2013\expressclassroom1\express\duilib\build\release\uitimer.obj
f:\c++\dev\vs2013\expressclassroom1\express\duilib\build\release\uirender.obj
f:\c++\dev\vs2013\expressclassroom1\express\duilib\build\release\uimarkup.obj
f:\c++\dev\vs2013\expressclassroom1\express\duilib\build\release\uimanager.obj
f:\c++\dev\vs2013\expressclassroom1\express\duilib\build\release\uidxanimation.obj
f:\c++\dev\vs2013\expressclassroom1\express\duilib\build\release\uidlgbuilder.obj
f:\c++\dev\vs2013\expressclassroom1\express\duilib\build\release\uicontrol.obj
f:\c++\dev\vs2013\expressclassroom1\express\duilib\build\release\uicontainer.obj
f:\c++\dev\vs2013\expressclassroom1\express\duilib\build\release\uibase.obj
f:\c++\dev\vs2013\expressclassroom1\express\duilib\build\release\uiwebbrowser.obj
f:\c++\dev\vs2013\expressclassroom1\express\duilib\build\release\uitreeview.obj
f:\c++\dev\vs2013\expressclassroom1\express\duilib\build\release\uitext.obj
f:\c++\dev\vs2013\expressclassroom1\express\duilib\build\release\uislider.obj
f:\c++\dev\vs2013\expressclassroom1\express\duilib\build\release\uiscrollbar.obj
f:\c++\dev\vs2013\expressclassroom1\express\duilib\build\release\winimplbase.obj
f:\c++\dev\vs2013\expressclassroom1\express\duilib\build\release\utils.obj
f:\c++\dev\vs2013\expressclassroom1\express\duilib\build\release\uidelegate.obj
f:\c++\dev\vs2013\expressclassroom1\express\duilib\build\release\trayicon.obj
f:\c++\dev\vs2013\expressclassroom1\express\duilib\build\release\droptargetex.obj
f:\c++\dev\vs2013\expressclassroom1\express\duilib\build\release\stb_image.obj
f:\c++\dev\vs2013\expressclassroom1\express\duilib\build\release\xunzip.obj
f:\c++\dev\vs2013\expressclassroom1\express\lib\duilib.lib
f:\c++\dev\vs2013\expressclassroom1\express\lib\duilib.exp
f:\c++\dev\vs2013\expressclassroom1\express\bin\duilib.dll
f:\c++\dev\vs2013\expressclassroom1\express\duilib\build\release\vc90.idb
f:\c++\dev\vs2013\expressclassroom1\express\duilib\build\release\duilib.tlog\cl.command.1.tlog
f:\c++\dev\vs2013\expressclassroom1\express\duilib\build\release\duilib.tlog\cl.read.1.tlog
f:\c++\dev\vs2013\expressclassroom1\express\duilib\build\release\duilib.tlog\cl.write.1.tlog
f:\c++\dev\vs2013\expressclassroom1\express\duilib\build\release\duilib.tlog\duilib.write.1u.tlog
f:\c++\dev\vs2013\expressclassroom1\express\duilib\build\release\duilib.tlog\link.command.1.tlog
f:\c++\dev\vs2013\expressclassroom1\express\duilib\build\release\duilib.tlog\link.read.1.tlog
f:\c++\dev\vs2013\expressclassroom1\express\duilib\build\release\duilib.tlog\link.write.1.tlog
