f:\c++\dev\vs2013\expressclassroom1\express\bin\obj\duilib\duilib.pch
f:\c++\dev\vs2013\expressclassroom1\express\bin\obj\duilib\vc120.pdb
f:\c++\dev\vs2013\expressclassroom1\express\bin\obj\duilib\vc120.idb
f:\c++\dev\vs2013\expressclassroom1\express\bin\obj\duilib\stdafx.obj
f:\c++\dev\vs2013\expressclassroom1\express\bin\obj\duilib\uibase.obj
f:\c++\dev\vs2013\expressclassroom1\express\bin\obj\duilib\uicontainer.obj
f:\c++\dev\vs2013\expressclassroom1\express\bin\obj\duilib\uicontrol.obj
f:\c++\dev\vs2013\expressclassroom1\express\bin\obj\duilib\uidlgbuilder.obj
f:\c++\dev\vs2013\expressclassroom1\express\bin\obj\duilib\uidxanimation.obj
f:\c++\dev\vs2013\expressclassroom1\express\bin\obj\duilib\uimanager.obj
f:\c++\dev\vs2013\expressclassroom1\express\bin\obj\duilib\uimarkup.obj
f:\c++\dev\vs2013\expressclassroom1\express\bin\obj\duilib\uirender.obj
f:\c++\dev\vs2013\expressclassroom1\express\bin\obj\duilib\uitimer.obj
f:\c++\dev\vs2013\expressclassroom1\express\bin\obj\duilib\uichildlayout.obj
f:\c++\dev\vs2013\expressclassroom1\express\bin\obj\duilib\uihorizontallayout.obj
f:\c++\dev\vs2013\expressclassroom1\express\bin\obj\duilib\uitablayout.obj
f:\c++\dev\vs2013\expressclassroom1\express\bin\obj\duilib\uitilelayout.obj
f:\c++\dev\vs2013\expressclassroom1\express\bin\obj\duilib\uiverticallayout.obj
f:\c++\dev\vs2013\expressclassroom1\express\bin\obj\duilib\uilib.obj
f:\c++\dev\vs2013\expressclassroom1\express\bin\obj\duilib\droptargetex.obj
f:\c++\dev\vs2013\expressclassroom1\express\bin\obj\duilib\trayicon.obj
f:\c++\dev\vs2013\expressclassroom1\express\bin\obj\duilib\uidelegate.obj
f:\c++\dev\vs2013\expressclassroom1\express\bin\obj\duilib\utils.obj
f:\c++\dev\vs2013\expressclassroom1\express\bin\obj\duilib\winimplbase.obj
f:\c++\dev\vs2013\expressclassroom1\express\bin\obj\duilib\uicheckbox.obj
f:\c++\dev\vs2013\expressclassroom1\express\bin\obj\duilib\uicombo.obj
f:\c++\dev\vs2013\expressclassroom1\express\bin\obj\duilib\uicombobox.obj
f:\c++\dev\vs2013\expressclassroom1\express\bin\obj\duilib\uicomboedit.obj
f:\c++\dev\vs2013\expressclassroom1\express\bin\obj\duilib\uidatetime.obj
f:\c++\dev\vs2013\expressclassroom1\express\bin\obj\duilib\uiedit.obj
f:\c++\dev\vs2013\expressclassroom1\express\bin\obj\duilib\uifadebutton.obj
f:\c++\dev\vs2013\expressclassroom1\express\bin\obj\duilib\uifilelist.obj
f:\c++\dev\vs2013\expressclassroom1\express\bin\obj\duilib\uiflash.obj
f:\c++\dev\vs2013\expressclassroom1\express\bin\obj\duilib\uilabel.obj
f:\c++\dev\vs2013\expressclassroom1\express\bin\obj\duilib\uilist.obj
f:\c++\dev\vs2013\expressclassroom1\express\bin\obj\duilib\uimenu.obj
f:\c++\dev\vs2013\expressclassroom1\express\bin\obj\duilib\uioption.obj
f:\c++\dev\vs2013\expressclassroom1\express\bin\obj\duilib\uiprogress.obj
f:\c++\dev\vs2013\expressclassroom1\express\bin\obj\duilib\uirichedit.obj
f:\c++\dev\vs2013\expressclassroom1\express\bin\obj\duilib\uiscrollbar.obj
f:\c++\dev\vs2013\expressclassroom1\express\bin\obj\duilib\uislider.obj
f:\c++\dev\vs2013\expressclassroom1\express\bin\obj\duilib\uitext.obj
f:\c++\dev\vs2013\expressclassroom1\express\bin\obj\duilib\uitreeview.obj
f:\c++\dev\vs2013\expressclassroom1\express\bin\obj\duilib\uiwebbrowser.obj
f:\c++\dev\vs2013\expressclassroom1\express\bin\obj\duilib\uiactivex.obj
f:\c++\dev\vs2013\expressclassroom1\express\bin\obj\duilib\uianimation.obj
f:\c++\dev\vs2013\expressclassroom1\express\bin\obj\duilib\uibutton.obj
f:\c++\dev\vs2013\expressclassroom1\express\bin\obj\duilib\uicalendar.obj
f:\c++\dev\vs2013\expressclassroom1\express\bin\obj\duilib\uichartview.obj
f:\c++\dev\vs2013\expressclassroom1\express\bin\obj\duilib\stb_image.obj
f:\c++\dev\vs2013\expressclassroom1\express\bin\obj\duilib\xunzip.obj
f:\c++\dev\vs2013\expressclassroom1\express\lib\duilib_d.lib
f:\c++\dev\vs2013\expressclassroom1\express\lib\duilib_d.exp
f:\c++\dev\vs2013\expressclassroom1\express\bin\duilib_d.ilk
f:\c++\dev\vs2013\expressclassroom1\express\bin\duilib_d.dll
f:\c++\dev\vs2013\expressclassroom1\express\bin\duilib.pdb
f:\c++\dev\vs2013\expressclassroom1\express\bin\obj\duilib\duilib.tlog\cl.command.1.tlog
f:\c++\dev\vs2013\expressclassroom1\express\bin\obj\duilib\duilib.tlog\cl.read.1.tlog
f:\c++\dev\vs2013\expressclassroom1\express\bin\obj\duilib\duilib.tlog\cl.write.1.tlog
f:\c++\dev\vs2013\expressclassroom1\express\bin\obj\duilib\duilib.tlog\duilib.write.1u.tlog
f:\c++\dev\vs2013\expressclassroom1\express\bin\obj\duilib\duilib.tlog\link.command.1.tlog
f:\c++\dev\vs2013\expressclassroom1\express\bin\obj\duilib\duilib.tlog\link.read.1.tlog
f:\c++\dev\vs2013\expressclassroom1\express\bin\obj\duilib\duilib.tlog\link.write.1.tlog
