生成启动时间为 2017/2/14 16:17:07。
     1>项目“F:\C++\Dev\vs2013\ExpressClassRoom1\Express\Duilib\DuiLib.vcxproj”在节点 2 上(Rebuild 个目标)。
     1>ClCompile:
         D:\Microsoft Visual Studio 12.0\VC\bin\CL.exe /c /I"D:\Visual Leak Detector\include" /Zi /nologo /W3 /WX- /Od /Oy- /D WIN32 /D _DEBUG /D _LIB /D UILIB_EXPORTS /D _VC80_UPGRADE=0x0600 /D _WINDLL /D _MBCS /Gm /EHsc /RTC1 /MTd /GS /fp:precise /Zc:wchar_t /Zc:forScope /Yc"stdafx.h" /Fp"F:\C++\Dev\vs2013\ExpressClassRoom1\Express\bin\obj\DuiLib\DuiLib.pch" /Fo"F:\C++\Dev\vs2013\ExpressClassRoom1\Express\bin\obj\DuiLib\\" /Fd"F:\C++\Dev\vs2013\ExpressClassRoom1\Express\bin\obj\DuiLib\vc120.pdb" /Gd /TP /analyze- /errorReport:prompt StdAfx.cpp
         StdAfx.cpp
     1>f:\c++\dev\vs2013\expressclassroom1\express\duilib\Utils/Utils.h(350): warning C4251: “DuiLib::CDuiFont::m_strFilePath”: class“std::basic_string<char,std::char_traits<char>,std::allocator<char>>”需要有 dll 接口由 class“DuiLib::CDuiFont”的客户端使用
     1>f:\c++\dev\vs2013\expressclassroom1\express\duilib\Utils/Utils.h(351): warning C4251: “DuiLib::CDuiFont::m_strFontName”: class“std::basic_string<char,std::char_traits<char>,std::allocator<char>>”需要有 dll 接口由 class“DuiLib::CDuiFont”的客户端使用
     1>f:\c++\dev\vs2013\expressclassroom1\express\duilib\Control/UIFileList.h(66): warning C4251: “DuiLib::Node::_children”: class“std::vector<DuiLib::Node *,std::allocator<_Ty>>”需要有 dll 接口由 class“DuiLib::Node”的客户端使用
                 with
                 [
                     _Ty=DuiLib::Node *
                 ]
     1>f:\c++\dev\vs2013\expressclassroom1\express\duilib\Control/UIMenu.h(212): warning C4275: 非 dll 接口 class“DuiLib::ReceiverImpl”用作 dll 接口 class“DuiLib::CMenuWnd”的基
                 f:\c++\dev\vs2013\expressclassroom1\express\duilib\Control/UIMenu.h(151) : 参见“DuiLib::ReceiverImpl”的声明
                 f:\c++\dev\vs2013\expressclassroom1\express\duilib\Control/UIMenu.h(212) : 参见“DuiLib::CMenuWnd”的声明
     1>f:\c++\dev\vs2013\expressclassroom1\express\duilib\Control/UIMenu.h(237): warning C4251: “DuiLib::CMenuWnd::m_xml”: class“DuiLib::STRINGorID”需要有 dll 接口由 class“DuiLib::CMenuWnd”的客户端使用
                 f:\c++\dev\vs2013\expressclassroom1\express\duilib\Utils/Utils.h(15) : 参见“DuiLib::STRINGorID”的声明
         D:\Microsoft Visual Studio 12.0\VC\bin\CL.exe /c /I"D:\Visual Leak Detector\include" /Zi /nologo /W3 /WX- /Od /Oy- /D WIN32 /D _DEBUG /D _LIB /D UILIB_EXPORTS /D _VC80_UPGRADE=0x0600 /D _WINDLL /D _MBCS /Gm /EHsc /RTC1 /MTd /GS /fp:precise /Zc:wchar_t /Zc:forScope /Yu"stdafx.h" /Fp"F:\C++\Dev\vs2013\ExpressClassRoom1\Express\bin\obj\DuiLib\DuiLib.pch" /Fo"F:\C++\Dev\vs2013\ExpressClassRoom1\Express\bin\obj\DuiLib\\" /Fd"F:\C++\Dev\vs2013\ExpressClassRoom1\Express\bin\obj\DuiLib\vc120.pdb" /Gd /TP /analyze- /errorReport:prompt Control\UIActiveX.cpp Control\UIAnimation.cpp Control\UIButton.cpp Control\UICalendar.cpp Control\UIChartView.cpp Control\UICheckBox.cpp Control\UICombo.cpp Control\UIComboBox.cpp Control\UIComboEdit.cpp Control\UIDateTime.cpp Control\UIEdit.cpp Control\UIFadeButton.cpp Control\UIFileList.cpp Control\UIFlash.cpp Control\UILabel.cpp Control\UIList.cpp Control\UIMenu.cpp Control\UIOption.cpp Control\UIProgress.cpp Control\UIRichEdit.cpp Control\UIScrollBar.cpp Control\UISlider.cpp Control\UIText.cpp Control\UITreeView.cpp Control\UIWebBrowser.cpp Core\UIBase.cpp Core\UIContainer.cpp Core\UIControl.cpp Core\UIDlgBuilder.cpp Core\UIDxAnimation.cpp Core\UIManager.cpp Core\UIMarkup.cpp Core\UIRender.cpp Core\UITimer.cpp Layout\UIChildLayout.cpp Layout\UIHorizontalLayout.cpp Layout\UITabLayout.cpp Layout\UITileLayout.cpp Layout\UIVerticalLayout.cpp UIlib.cpp Utils\DropTargetEx.cpp Utils\TrayIcon.cpp Utils\UIDelegate.cpp Utils\Utils.cpp Utils\WinImplBase.cpp
         WinImplBase.cpp
     1>Utils\WinImplBase.cpp(593): warning C4800: “LPARAM”: 将值强制为布尔值“true”或“false”(性能警告)
         Utils.cpp
         UIDelegate.cpp
         TrayIcon.cpp
         DropTargetEx.cpp
         UIlib.cpp
         UIVerticalLayout.cpp
         UITileLayout.cpp
         UITabLayout.cpp
         UIHorizontalLayout.cpp
         UIChildLayout.cpp
         UITimer.cpp
         UIRender.cpp
     1>Core\UIRender.cpp(416): warning C4101: “avg”: 未引用的局部变量
     1>Core\UIRender.cpp(1428): warning C4244: “参数”: 从“int”转换到“Gdiplus::REAL”，可能丢失数据
     1>Core\UIRender.cpp(1460): warning C4244: “参数”: 从“int”转换到“Gdiplus::REAL”，可能丢失数据
         UIMarkup.cpp
         UIManager.cpp
         UIDxAnimation.cpp
         UIDlgBuilder.cpp
         UIControl.cpp
         UIContainer.cpp
         UIBase.cpp
         正在生成代码...
         正在编译...
         UIWebBrowser.cpp
         UITreeView.cpp
     1>Control\UITreeView.cpp(925): warning C4800: “long”: 将值强制为布尔值“true”或“false”(性能警告)
         UIText.cpp
         UISlider.cpp
         UIScrollBar.cpp
         UIRichEdit.cpp
         UIProgress.cpp
         UIOption.cpp
         UIMenu.cpp
         UIList.cpp
         UILabel.cpp
         UIFlash.cpp
         UIFileList.cpp
     1>Control\UIFileList.cpp(601): warning C4800: “int”: 将值强制为布尔值“true”或“false”(性能警告)
         UIFadeButton.cpp
         UIEdit.cpp
         UIDateTime.cpp
         UIComboEdit.cpp
         UIComboBox.cpp
         UICombo.cpp
         UICheckBox.cpp
         正在生成代码...
         正在编译...
         UIChartView.cpp
         UICalendar.cpp
         UIButton.cpp
         UIAnimation.cpp
         UIActiveX.cpp
         正在生成代码...
         D:\Microsoft Visual Studio 12.0\VC\bin\CL.exe /c /I"D:\Visual Leak Detector\include" /Zi /nologo /W3 /WX- /Od /Oy- /D WIN32 /D _DEBUG /D _LIB /D UILIB_EXPORTS /D _VC80_UPGRADE=0x0600 /D _WINDLL /D _MBCS /Gm /EHsc /RTC1 /MTd /GS /fp:precise /Zc:wchar_t /Zc:forScope /Fo"F:\C++\Dev\vs2013\ExpressClassRoom1\Express\bin\obj\DuiLib\\" /Fd"F:\C++\Dev\vs2013\ExpressClassRoom1\Express\bin\obj\DuiLib\vc120.pdb" /Gd /TC /analyze- /errorReport:prompt Utils\stb_image.c
         stb_image.c
         D:\Microsoft Visual Studio 12.0\VC\bin\CL.exe /c /I"D:\Visual Leak Detector\include" /Zi /nologo /W3 /WX- /Od /Oy- /D WIN32 /D _DEBUG /D _LIB /D UILIB_EXPORTS /D _VC80_UPGRADE=0x0600 /D _WINDLL /D _MBCS /Gm /EHsc /RTC1 /MTd /GS /fp:precise /Zc:wchar_t /Zc:forScope /Fo"F:\C++\Dev\vs2013\ExpressClassRoom1\Express\bin\obj\DuiLib\\" /Fd"F:\C++\Dev\vs2013\ExpressClassRoom1\Express\bin\obj\DuiLib\vc120.pdb" /Gd /TP /analyze- /errorReport:prompt Utils\XUnzip.cpp
         XUnzip.cpp
     1>C:\Program Files (x86)\MSBuild\Microsoft.Cpp\v4.0\V120\Microsoft.CppBuild.targets(1193,5): warning MSB8012: TargetPath(F:\C++\Dev\vs2013\ExpressClassRoom1\Express\bin\DuiLib.dll) does not match the Linker's OutputFile property value (F:\C++\Dev\vs2013\ExpressClassRoom1\Express\bin\DuiLib_d.dll). This may cause your project to build incorrectly. To correct this, please make sure that $(OutDir), $(TargetName) and $(TargetExt) property values match the value specified in %(Link.OutputFile).
     1>C:\Program Files (x86)\MSBuild\Microsoft.Cpp\v4.0\V120\Microsoft.CppBuild.targets(1195,5): warning MSB8012: TargetName(DuiLib) does not match the Linker's OutputFile property value (DuiLib_d). This may cause your project to build incorrectly. To correct this, please make sure that $(OutDir), $(TargetName) and $(TargetExt) property values match the value specified in %(Link.OutputFile).
       Link:
         D:\Microsoft Visual Studio 12.0\VC\bin\link.exe /ERRORREPORT:PROMPT /OUT:"../bin/DuiLib_d.dll" /NOLOGO /LIBPATH:"D:\Visual Leak Detector\lib\Win32" opencv_calib3d2413.lib opencv_calib3d2413d.lib opencv_contrib2413.lib opencv_contrib2413d.lib opencv_core2413.lib opencv_core2413d.lib opencv_features2d2413.lib opencv_features2d2413d.lib opencv_flann2413.lib opencv_flann2413d.lib opencv_gpu2413.lib opencv_gpu2413d.lib opencv_highgui2413.lib opencv_highgui2413d.lib opencv_imgproc2413.lib opencv_imgproc2413d.lib opencv_legacy2413.lib opencv_legacy2413d.lib opencv_ml2413.lib opencv_ml2413d.lib opencv_nonfree2413.lib opencv_nonfree2413d.lib opencv_objdetect2413.lib opencv_objdetect2413d.lib opencv_ocl2413.lib opencv_ocl2413d.lib opencv_videostab2413d.lib opencv_videostab2413.lib opencv_video2413d.lib opencv_video2413.lib opencv_ts2413d.lib opencv_ts2413.lib opencv_superres2413d.lib opencv_superres2413.lib opencv_stitching2413d.lib opencv_stitching2413.lib opencv_photo2413d.lib opencv_photo2413.lib kernel32.lib user32.lib gdi32.lib winspool.lib comdlg32.lib advapi32.lib shell32.lib ole32.lib oleaut32.lib uuid.lib odbc32.lib odbccp32.lib /MANIFEST /MANIFESTUAC:"level='asInvoker' uiAccess='false'" /manifest:embed /DEBUG /PDB:"F:\C++\Dev\vs2013\ExpressClassRoom1\Express\bin\DuiLib.pdb" /TLBID:1 /DYNAMICBASE /NXCOMPAT /IMPLIB:"../lib/DuiLib_d.lib" /MACHINE:X86 /SAFESEH /DLL F:\C++\Dev\vs2013\ExpressClassRoom1\Express\bin\obj\DuiLib\UIActiveX.obj
         F:\C++\Dev\vs2013\ExpressClassRoom1\Express\bin\obj\DuiLib\UIAnimation.obj
         F:\C++\Dev\vs2013\ExpressClassRoom1\Express\bin\obj\DuiLib\UIButton.obj
         F:\C++\Dev\vs2013\ExpressClassRoom1\Express\bin\obj\DuiLib\UICalendar.obj
         F:\C++\Dev\vs2013\ExpressClassRoom1\Express\bin\obj\DuiLib\UIChartView.obj
         F:\C++\Dev\vs2013\ExpressClassRoom1\Express\bin\obj\DuiLib\UICheckBox.obj
         F:\C++\Dev\vs2013\ExpressClassRoom1\Express\bin\obj\DuiLib\UICombo.obj
         F:\C++\Dev\vs2013\ExpressClassRoom1\Express\bin\obj\DuiLib\UIComboBox.obj
         F:\C++\Dev\vs2013\ExpressClassRoom1\Express\bin\obj\DuiLib\UIComboEdit.obj
         F:\C++\Dev\vs2013\ExpressClassRoom1\Express\bin\obj\DuiLib\UIDateTime.obj
         F:\C++\Dev\vs2013\ExpressClassRoom1\Express\bin\obj\DuiLib\UIEdit.obj
         F:\C++\Dev\vs2013\ExpressClassRoom1\Express\bin\obj\DuiLib\UIFadeButton.obj
         F:\C++\Dev\vs2013\ExpressClassRoom1\Express\bin\obj\DuiLib\UIFileList.obj
         F:\C++\Dev\vs2013\ExpressClassRoom1\Express\bin\obj\DuiLib\UIFlash.obj
         F:\C++\Dev\vs2013\ExpressClassRoom1\Express\bin\obj\DuiLib\UILabel.obj
         F:\C++\Dev\vs2013\ExpressClassRoom1\Express\bin\obj\DuiLib\UIList.obj
         F:\C++\Dev\vs2013\ExpressClassRoom1\Express\bin\obj\DuiLib\UIMenu.obj
         F:\C++\Dev\vs2013\ExpressClassRoom1\Express\bin\obj\DuiLib\UIOption.obj
         F:\C++\Dev\vs2013\ExpressClassRoom1\Express\bin\obj\DuiLib\UIProgress.obj
         F:\C++\Dev\vs2013\ExpressClassRoom1\Express\bin\obj\DuiLib\UIRichEdit.obj
         F:\C++\Dev\vs2013\ExpressClassRoom1\Express\bin\obj\DuiLib\UIScrollBar.obj
         F:\C++\Dev\vs2013\ExpressClassRoom1\Express\bin\obj\DuiLib\UISlider.obj
         F:\C++\Dev\vs2013\ExpressClassRoom1\Express\bin\obj\DuiLib\UIText.obj
         F:\C++\Dev\vs2013\ExpressClassRoom1\Express\bin\obj\DuiLib\UITreeView.obj
         F:\C++\Dev\vs2013\ExpressClassRoom1\Express\bin\obj\DuiLib\UIWebBrowser.obj
         F:\C++\Dev\vs2013\ExpressClassRoom1\Express\bin\obj\DuiLib\UIBase.obj
         F:\C++\Dev\vs2013\ExpressClassRoom1\Express\bin\obj\DuiLib\UIContainer.obj
         F:\C++\Dev\vs2013\ExpressClassRoom1\Express\bin\obj\DuiLib\UIControl.obj
         F:\C++\Dev\vs2013\ExpressClassRoom1\Express\bin\obj\DuiLib\UIDlgBuilder.obj
         F:\C++\Dev\vs2013\ExpressClassRoom1\Express\bin\obj\DuiLib\UIDxAnimation.obj
         F:\C++\Dev\vs2013\ExpressClassRoom1\Express\bin\obj\DuiLib\UIManager.obj
         F:\C++\Dev\vs2013\ExpressClassRoom1\Express\bin\obj\DuiLib\UIMarkup.obj
         F:\C++\Dev\vs2013\ExpressClassRoom1\Express\bin\obj\DuiLib\UIRender.obj
         F:\C++\Dev\vs2013\ExpressClassRoom1\Express\bin\obj\DuiLib\UITimer.obj
         F:\C++\Dev\vs2013\ExpressClassRoom1\Express\bin\obj\DuiLib\UIChildLayout.obj
         F:\C++\Dev\vs2013\ExpressClassRoom1\Express\bin\obj\DuiLib\UIHorizontalLayout.obj
         F:\C++\Dev\vs2013\ExpressClassRoom1\Express\bin\obj\DuiLib\UITabLayout.obj
         F:\C++\Dev\vs2013\ExpressClassRoom1\Express\bin\obj\DuiLib\UITileLayout.obj
         F:\C++\Dev\vs2013\ExpressClassRoom1\Express\bin\obj\DuiLib\UIVerticalLayout.obj
         F:\C++\Dev\vs2013\ExpressClassRoom1\Express\bin\obj\DuiLib\StdAfx.obj
         F:\C++\Dev\vs2013\ExpressClassRoom1\Express\bin\obj\DuiLib\UIlib.obj
         F:\C++\Dev\vs2013\ExpressClassRoom1\Express\bin\obj\DuiLib\DropTargetEx.obj
         F:\C++\Dev\vs2013\ExpressClassRoom1\Express\bin\obj\DuiLib\stb_image.obj
         F:\C++\Dev\vs2013\ExpressClassRoom1\Express\bin\obj\DuiLib\TrayIcon.obj
         F:\C++\Dev\vs2013\ExpressClassRoom1\Express\bin\obj\DuiLib\UIDelegate.obj
         F:\C++\Dev\vs2013\ExpressClassRoom1\Express\bin\obj\DuiLib\Utils.obj
         F:\C++\Dev\vs2013\ExpressClassRoom1\Express\bin\obj\DuiLib\WinImplBase.obj
         F:\C++\Dev\vs2013\ExpressClassRoom1\Express\bin\obj\DuiLib\XUnzip.obj
            正在创建库 ../lib/DuiLib_d.lib 和对象 ../lib/DuiLib_d.exp
         DuiLib.vcxproj -> F:\C++\Dev\vs2013\ExpressClassRoom1\Express\bin\DuiLib.dll
     1>已完成生成项目“F:\C++\Dev\vs2013\ExpressClassRoom1\Express\Duilib\DuiLib.vcxproj”(Rebuild 个目标)的操作。

生成成功。

已用时间 00:00:05.65
